2019-11-28 10:10:11,328 [main] INFO  [c.u.j.c.EnableEncryptablePropertiesConfiguration] EnableEncryptablePropertiesConfiguration.java:69 - Bootstraping jasypt-string-boot auto configuration in context: eureka-1
2019-11-28 10:10:11,330 [main] INFO  [com.ks.spfd.eureka.SpfdEurekaApplication] SpringApplication.java:654 - No active profile set, falling back to default profiles: default
2019-11-28 10:10:11,354 [main] INFO  [o.s.b.w.s.c.AnnotationConfigServletWebServerApplicationContext] AbstractApplicationContext.java:588 - Refreshing org.springframework.boot.web.servlet.context.AnnotationConfigServletWebServerApplicationContext@10bbd20a: startup date [Thu Nov 28 10:10:11 GMT+08:00 2019]; parent: org.springframework.context.annotation.AnnotationConfigApplicationContext@511baa65
2019-11-28 10:10:13,342 [main] INFO  [o.springframework.cloud.context.scope.GenericScope] GenericScope.java:294 - BeanFactory id=54634698-658c-3725-9112-b2b049f5ca52
2019-11-28 10:10:13,384 [main] INFO  [c.u.j.c.EnableEncryptablePropertiesBeanFactoryPostProcessor] EnableEncryptablePropertiesBeanFactoryPostProcessor.java:50 - Post-processing PropertySource instances
2019-11-28 10:10:13,436 [main] INFO  [c.u.j.EncryptablePropertySourceConverter] EncryptablePropertySourceConverter.java:38 - Converting PropertySource configurationProperties [org.springframework.boot.context.properties.source.ConfigurationPropertySourcesPropertySource] to AOP Proxy
2019-11-28 10:10:13,447 [main] INFO  [c.u.j.EncryptablePropertySourceConverter] EncryptablePropertySourceConverter.java:38 - Converting PropertySource servletConfigInitParams [org.springframework.core.env.PropertySource$StubPropertySource] to EncryptablePropertySourceWrapper
2019-11-28 10:10:13,452 [main] INFO  [c.u.j.EncryptablePropertySourceConverter] EncryptablePropertySourceConverter.java:38 - Converting PropertySource servletContextInitParams [org.springframework.core.env.PropertySource$StubPropertySource] to EncryptablePropertySourceWrapper
2019-11-28 10:10:13,453 [main] INFO  [c.u.j.EncryptablePropertySourceConverter] EncryptablePropertySourceConverter.java:38 - Converting PropertySource systemProperties [org.springframework.core.env.MapPropertySource] to EncryptableMapPropertySourceWrapper
2019-11-28 10:10:13,454 [main] INFO  [c.u.j.EncryptablePropertySourceConverter] EncryptablePropertySourceConverter.java:38 - Converting PropertySource systemEnvironment [org.springframework.boot.env.SystemEnvironmentPropertySourceEnvironmentPostProcessor$OriginAwareSystemEnvironmentPropertySource] to EncryptableMapPropertySourceWrapper
2019-11-28 10:10:13,454 [main] INFO  [c.u.j.EncryptablePropertySourceConverter] EncryptablePropertySourceConverter.java:38 - Converting PropertySource random [org.springframework.boot.env.RandomValuePropertySource] to EncryptablePropertySourceWrapper
2019-11-28 10:10:13,459 [main] INFO  [c.u.j.EncryptablePropertySourceConverter] EncryptablePropertySourceConverter.java:38 - Converting PropertySource springCloudClientHostInfo [org.springframework.core.env.MapPropertySource] to EncryptableMapPropertySourceWrapper
2019-11-28 10:10:13,460 [main] INFO  [c.u.j.EncryptablePropertySourceConverter] EncryptablePropertySourceConverter.java:38 - Converting PropertySource class path resource [eureka/server.properties] [org.springframework.core.io.support.ResourcePropertySource] to EncryptableMapPropertySourceWrapper
2019-11-28 10:10:13,462 [main] INFO  [c.u.j.EncryptablePropertySourceConverter] EncryptablePropertySourceConverter.java:38 - Converting PropertySource defaultProperties [org.springframework.core.env.MapPropertySource] to EncryptableMapPropertySourceWrapper
2019-11-28 10:10:13,481 [main] INFO  [o.s.b.f.a.AutowiredAnnotationBeanPostProcessor] AutowiredAnnotationBeanPostProcessor.java:153 - JSR-330 'javax.inject.Inject' annotation found and supported for autowiring
2019-11-28 10:10:13,522 [main] INFO  [c.u.j.filter.DefaultLazyPropertyFilter] DefaultLazyPropertyFilter.java:31 - Property Filter custom Bean not found with name 'encryptablePropertyFilter'. Initializing Default Property Filter
2019-11-28 10:10:14,181 [main] INFO  [o.s.c.s.PostProcessorRegistrationDelegate$BeanPostProcessorChecker] PostProcessorRegistrationDelegate.java:326 - Bean 'org.springframework.cloud.autoconfigure.ConfigurationPropertiesRebinderAutoConfiguration' of type [org.springframework.cloud.autoconfigure.ConfigurationPropertiesRebinderAutoConfiguration$$EnhancerBySpringCGLIB$$acdb2fd7] is not eligible for getting processed by all BeanPostProcessors (for example: not eligible for auto-proxying)
2019-11-28 10:10:14,221 [main] INFO  [o.s.c.s.PostProcessorRegistrationDelegate$BeanPostProcessorChecker] PostProcessorRegistrationDelegate.java:326 - Bean 'org.springframework.cloud.sleuth.instrument.web.client.TraceWebClientAutoConfiguration$TraceOAuthConfiguration' of type [org.springframework.cloud.sleuth.instrument.web.client.TraceWebClientAutoConfiguration$TraceOAuthConfiguration$$EnhancerBySpringCGLIB$$d5bdbf39] is not eligible for getting processed by all BeanPostProcessors (for example: not eligible for auto-proxying)
2019-11-28 10:10:14,495 [main] INFO  [c.u.j.resolver.DefaultLazyPropertyResolver] DefaultLazyPropertyResolver.java:31 - Property Resolver custom Bean not found with name 'encryptablePropertyResolver'. Initializing Default Property Resolver
2019-11-28 10:10:14,497 [main] INFO  [c.u.j.detector.DefaultLazyPropertyDetector] DefaultLazyPropertyDetector.java:30 - Property Detector custom Bean not found with name 'encryptablePropertyDetector'. Initializing Default Property Detector
2019-11-28 10:10:15,342 [main] INFO  [org.xnio] Xnio.java:104 - XNIO version 3.3.8.Final
2019-11-28 10:10:15,366 [main] INFO  [org.xnio.nio] NioXnio.java:55 - XNIO NIO Implementation Version 3.3.8.Final
2019-11-28 10:10:15,498 [main] WARN  [io.undertow.websockets.jsr] Bootstrap.java:67 - UT026009: XNIO worker was not set on WebSocketDeploymentInfo, the default worker will be used
2019-11-28 10:10:15,499 [main] WARN  [io.undertow.websockets.jsr] Bootstrap.java:76 - UT026010: Buffer pool was not set on WebSocketDeploymentInfo, the default pool will be used
2019-11-28 10:10:15,531 [main] INFO  [io.undertow.servlet] ServletContextImpl.java:360 - Initializing Spring embedded WebApplicationContext
2019-11-28 10:10:15,533 [main] INFO  [org.springframework.web.context.ContextLoader] ServletWebServerApplicationContext.java:296 - Root WebApplicationContext: initialization completed in 4179 ms
2019-11-28 10:10:16,079 [main] WARN  [com.netflix.config.sources.URLConfigurationSource] URLConfigurationSource.java:121 - No URLs will be polled as dynamic configuration sources.
2019-11-28 10:10:16,081 [main] INFO  [com.netflix.config.sources.URLConfigurationSource] URLConfigurationSource.java:122 - To enable URLs as dynamic configuration sources, define System property archaius.configurationSource.additionalUrls or make config.properties available on classpath.
2019-11-28 10:10:16,104 [main] INFO  [com.netflix.config.DynamicPropertyFactory] DynamicPropertyFactory.java:281 - DynamicPropertyFactory is initialized with configuration sources: com.netflix.config.ConcurrentCompositeConfiguration@59252cb6
2019-11-28 10:10:18,621 [main] INFO  [o.s.boot.web.servlet.FilterRegistrationBean] AbstractFilterRegistrationBean.java:245 - Mapping filter: 'characterEncodingFilter' to: [/*]
2019-11-28 10:10:18,623 [main] INFO  [o.s.boot.web.servlet.FilterRegistrationBean] AbstractFilterRegistrationBean.java:245 - Mapping filter: 'webMvcMetricsFilter' to: [/*]
2019-11-28 10:10:18,625 [main] INFO  [o.s.boot.web.servlet.FilterRegistrationBean] AbstractFilterRegistrationBean.java:245 - Mapping filter: 'tracingFilter' to: [/*]
2019-11-28 10:10:18,626 [main] INFO  [o.s.boot.web.servlet.FilterRegistrationBean] AbstractFilterRegistrationBean.java:245 - Mapping filter: 'exceptionLoggingFilter' to: [/*]
2019-11-28 10:10:18,627 [main] INFO  [o.s.boot.web.servlet.FilterRegistrationBean] AbstractFilterRegistrationBean.java:245 - Mapping filter: 'hiddenHttpMethodFilter' to: [/*]
2019-11-28 10:10:18,629 [main] INFO  [o.s.boot.web.servlet.FilterRegistrationBean] AbstractFilterRegistrationBean.java:245 - Mapping filter: 'httpPutFormContentFilter' to: [/*]
2019-11-28 10:10:18,631 [main] INFO  [o.s.boot.web.servlet.FilterRegistrationBean] AbstractFilterRegistrationBean.java:245 - Mapping filter: 'requestContextFilter' to: [/*]
2019-11-28 10:10:18,633 [main] INFO  [o.s.b.w.s.DelegatingFilterProxyRegistrationBean] AbstractFilterRegistrationBean.java:245 - Mapping filter: 'springSecurityFilterChain' to: [/*]
2019-11-28 10:10:18,635 [main] INFO  [o.s.boot.web.servlet.FilterRegistrationBean] AbstractFilterRegistrationBean.java:245 - Mapping filter: 'httpTraceFilter' to: [/*]
2019-11-28 10:10:18,637 [main] INFO  [o.s.boot.web.servlet.FilterRegistrationBean] AbstractFilterRegistrationBean.java:258 - Mapping filter: 'servletContainer' to urls: [/eureka/*]
2019-11-28 10:10:18,638 [main] INFO  [o.s.boot.web.servlet.ServletRegistrationBean] ServletRegistrationBean.java:187 - Servlet dispatcherServlet mapped to [/]
2019-11-28 10:10:18,647 [main] INFO  [o.s.b.a.endpoint.web.ServletEndpointRegistrar] ServletEndpointRegistrar.java:78 - Registered '/actuator/jolokia' to jolokia-actuator-endpoint
2019-11-28 10:10:20,312 [main] INFO  [o.s.security.web.DefaultSecurityFilterChain] DefaultSecurityFilterChain.java:43 - Creating filter chain: org.springframework.security.web.util.matcher.AnyRequestMatcher@1, [org.springframework.security.web.context.request.async.WebAsyncManagerIntegrationFilter@6731787b, org.springframework.security.web.context.SecurityContextPersistenceFilter@350ec41e, org.springframework.security.web.header.HeaderWriterFilter@6b54655f, org.springframework.security.web.authentication.logout.LogoutFilter@292d1c71, org.springframework.security.web.authentication.www.BasicAuthenticationFilter@3fc9dfc5, org.springframework.security.web.savedrequest.RequestCacheAwareFilter@71984c3, org.springframework.security.web.servletapi.SecurityContextHolderAwareRequestFilter@277f7dd3, org.springframework.security.web.authentication.AnonymousAuthenticationFilter@16f7b4af, org.springframework.security.web.session.SessionManagementFilter@7d3430a7, org.springframework.security.web.access.ExceptionTranslationFilter@4c51bb7, org.springframework.security.web.access.intercept.FilterSecurityInterceptor@3ce3db41]
2019-11-28 10:10:20,386 [main] WARN  [com.netflix.config.sources.URLConfigurationSource] URLConfigurationSource.java:121 - No URLs will be polled as dynamic configuration sources.
2019-11-28 10:10:20,388 [main] INFO  [com.netflix.config.sources.URLConfigurationSource] URLConfigurationSource.java:122 - To enable URLs as dynamic configuration sources, define System property archaius.configurationSource.additionalUrls or make config.properties available on classpath.
2019-11-28 10:10:20,580 [main] INFO  [o.s.web.servlet.handler.SimpleUrlHandlerMapping] AbstractUrlHandlerMapping.java:373 - Mapped URL path [/**/favicon.ico] onto handler of type [class org.springframework.web.servlet.resource.ResourceHttpRequestHandler]
2019-11-28 10:10:20,892 [main] INFO  [o.s.w.s.m.m.a.RequestMappingHandlerAdapter] RequestMappingHandlerAdapter.java:588 - Looking for @ControllerAdvice: org.springframework.boot.web.servlet.context.AnnotationConfigServletWebServerApplicationContext@10bbd20a: startup date [Thu Nov 28 10:10:11 GMT+08:00 2019]; parent: org.springframework.context.annotation.AnnotationConfigApplicationContext@511baa65
2019-11-28 10:10:21,000 [main] INFO  [o.s.w.s.m.m.a.RequestMappingHandlerMapping] AbstractHandlerMethodMapping.java:550 - Mapped "{[/error]}" onto public org.springframework.http.ResponseEntity<java.util.Map<java.lang.String, java.lang.Object>> org.springframework.boot.autoconfigure.web.servlet.error.BasicErrorController.error(javax.servlet.http.HttpServletRequest)
2019-11-28 10:10:21,003 [main] INFO  [o.s.w.s.m.m.a.RequestMappingHandlerMapping] AbstractHandlerMethodMapping.java:550 - Mapped "{[/error],produces=[text/html]}" onto public org.springframework.web.servlet.ModelAndView org.springframework.boot.autoconfigure.web.servlet.error.BasicErrorController.errorHtml(javax.servlet.http.HttpServletRequest,javax.servlet.http.HttpServletResponse)
2019-11-28 10:10:21,011 [main] INFO  [o.s.w.s.m.m.a.RequestMappingHandlerMapping] AbstractHandlerMethodMapping.java:550 - Mapped "{[/],methods=[GET]}" onto public java.lang.String org.springframework.cloud.netflix.eureka.server.EurekaController.status(javax.servlet.http.HttpServletRequest,java.util.Map<java.lang.String, java.lang.Object>)
2019-11-28 10:10:21,013 [main] INFO  [o.s.w.s.m.m.a.RequestMappingHandlerMapping] AbstractHandlerMethodMapping.java:550 - Mapped "{[/lastn],methods=[GET]}" onto public java.lang.String org.springframework.cloud.netflix.eureka.server.EurekaController.lastn(javax.servlet.http.HttpServletRequest,java.util.Map<java.lang.String, java.lang.Object>)
2019-11-28 10:10:21,069 [main] INFO  [o.s.web.servlet.handler.SimpleUrlHandlerMapping] AbstractUrlHandlerMapping.java:373 - Mapped URL path [/webjars/**] onto handler of type [class org.springframework.web.servlet.resource.ResourceHttpRequestHandler]
2019-11-28 10:10:21,071 [main] INFO  [o.s.web.servlet.handler.SimpleUrlHandlerMapping] AbstractUrlHandlerMapping.java:373 - Mapped URL path [/**] onto handler of type [class org.springframework.web.servlet.resource.ResourceHttpRequestHandler]
2019-11-28 10:10:21,978 [main] INFO  [o.s.ui.freemarker.SpringTemplateLoader] SpringTemplateLoader.java:62 - SpringTemplateLoader for FreeMarker: using resource loader [org.springframework.boot.web.servlet.context.AnnotationConfigServletWebServerApplicationContext@10bbd20a: startup date [Thu Nov 28 10:10:11 GMT+08:00 2019]; parent: org.springframework.context.annotation.AnnotationConfigApplicationContext@511baa65] and template loader path [classpath:/templates/]
2019-11-28 10:10:21,981 [main] INFO  [o.s.w.servlet.view.freemarker.FreeMarkerConfigurer] FreeMarkerConfigurer.java:131 - ClassTemplateLoader for Spring macros added to FreeMarker configuration
2019-11-28 10:10:22,080 [main] INFO  [o.s.b.actuate.endpoint.web.EndpointLinksResolver] EndpointLinksResolver.java:59 - Exposing 19 endpoint(s) beneath base path '/actuator'
2019-11-28 10:10:22,101 [main] INFO  [o.s.b.a.e.web.servlet.WebMvcEndpointHandlerMapping] AbstractHandlerMethodMapping.java:550 - Mapped "{[/actuator/archaius],methods=[GET],produces=[application/vnd.spring-boot.actuator.v2+json || application/json]}" onto public java.lang.Object org.springframework.boot.actuate.endpoint.web.servlet.AbstractWebMvcEndpointHandlerMapping$OperationHandler.handle(javax.servlet.http.HttpServletRequest,java.util.Map<java.lang.String, java.lang.String>)
2019-11-28 10:10:22,104 [main] INFO  [o.s.b.a.e.web.servlet.WebMvcEndpointHandlerMapping] AbstractHandlerMethodMapping.java:550 - Mapped "{[/actuator/auditevents],methods=[GET],produces=[application/vnd.spring-boot.actuator.v2+json || application/json]}" onto public java.lang.Object org.springframework.boot.actuate.endpoint.web.servlet.AbstractWebMvcEndpointHandlerMapping$OperationHandler.handle(javax.servlet.http.HttpServletRequest,java.util.Map<java.lang.String, java.lang.String>)
2019-11-28 10:10:22,106 [main] INFO  [o.s.b.a.e.web.servlet.WebMvcEndpointHandlerMapping] AbstractHandlerMethodMapping.java:550 - Mapped "{[/actuator/beans],methods=[GET],produces=[application/vnd.spring-boot.actuator.v2+json || application/json]}" onto public java.lang.Object org.springframework.boot.actuate.endpoint.web.servlet.AbstractWebMvcEndpointHandlerMapping$OperationHandler.handle(javax.servlet.http.HttpServletRequest,java.util.Map<java.lang.String, java.lang.String>)
2019-11-28 10:10:22,109 [main] INFO  [o.s.b.a.e.web.servlet.WebMvcEndpointHandlerMapping] AbstractHandlerMethodMapping.java:550 - Mapped "{[/actuator/health],methods=[GET],produces=[application/vnd.spring-boot.actuator.v2+json || application/json]}" onto public java.lang.Object org.springframework.boot.actuate.endpoint.web.servlet.AbstractWebMvcEndpointHandlerMapping$OperationHandler.handle(javax.servlet.http.HttpServletRequest,java.util.Map<java.lang.String, java.lang.String>)
2019-11-28 10:10:22,111 [main] INFO  [o.s.b.a.e.web.servlet.WebMvcEndpointHandlerMapping] AbstractHandlerMethodMapping.java:550 - Mapped "{[/actuator/conditions],methods=[GET],produces=[application/vnd.spring-boot.actuator.v2+json || application/json]}" onto public java.lang.Object org.springframework.boot.actuate.endpoint.web.servlet.AbstractWebMvcEndpointHandlerMapping$OperationHandler.handle(javax.servlet.http.HttpServletRequest,java.util.Map<java.lang.String, java.lang.String>)
2019-11-28 10:10:22,114 [main] INFO  [o.s.b.a.e.web.servlet.WebMvcEndpointHandlerMapping] AbstractHandlerMethodMapping.java:550 - Mapped "{[/actuator/configprops],methods=[GET],produces=[application/vnd.spring-boot.actuator.v2+json || application/json]}" onto public java.lang.Object org.springframework.boot.actuate.endpoint.web.servlet.AbstractWebMvcEndpointHandlerMapping$OperationHandler.handle(javax.servlet.http.HttpServletRequest,java.util.Map<java.lang.String, java.lang.String>)
2019-11-28 10:10:22,118 [main] INFO  [o.s.b.a.e.web.servlet.WebMvcEndpointHandlerMapping] AbstractHandlerMethodMapping.java:550 - Mapped "{[/actuator/env],methods=[GET],produces=[application/vnd.spring-boot.actuator.v2+json || application/json]}" onto public java.lang.Object org.springframework.boot.actuate.endpoint.web.servlet.AbstractWebMvcEndpointHandlerMapping$OperationHandler.handle(javax.servlet.http.HttpServletRequest,java.util.Map<java.lang.String, java.lang.String>)
2019-11-28 10:10:22,120 [main] INFO  [o.s.b.a.e.web.servlet.WebMvcEndpointHandlerMapping] AbstractHandlerMethodMapping.java:550 - Mapped "{[/actuator/env/{toMatch}],methods=[GET],produces=[application/vnd.spring-boot.actuator.v2+json || application/json]}" onto public java.lang.Object org.springframework.boot.actuate.endpoint.web.servlet.AbstractWebMvcEndpointHandlerMapping$OperationHandler.handle(javax.servlet.http.HttpServletRequest,java.util.Map<java.lang.String, java.lang.String>)
2019-11-28 10:10:22,123 [main] INFO  [o.s.b.a.e.web.servlet.WebMvcEndpointHandlerMapping] AbstractHandlerMethodMapping.java:550 - Mapped "{[/actuator/env],methods=[POST],consumes=[application/vnd.spring-boot.actuator.v2+json || application/json],produces=[application/vnd.spring-boot.actuator.v2+json || application/json]}" onto public java.lang.Object org.springframework.boot.actuate.endpoint.web.servlet.AbstractWebMvcEndpointHandlerMapping$OperationHandler.handle(javax.servlet.http.HttpServletRequest,java.util.Map<java.lang.String, java.lang.String>)
2019-11-28 10:10:22,126 [main] INFO  [o.s.b.a.e.web.servlet.WebMvcEndpointHandlerMapping] AbstractHandlerMethodMapping.java:550 - Mapped "{[/actuator/env],methods=[DELETE],produces=[application/vnd.spring-boot.actuator.v2+json || application/json]}" onto public java.lang.Object org.springframework.boot.actuate.endpoint.web.servlet.AbstractWebMvcEndpointHandlerMapping$OperationHandler.handle(javax.servlet.http.HttpServletRequest,java.util.Map<java.lang.String, java.lang.String>)
2019-11-28 10:10:22,129 [main] INFO  [o.s.b.a.e.web.servlet.WebMvcEndpointHandlerMapping] AbstractHandlerMethodMapping.java:550 - Mapped "{[/actuator/info],methods=[GET],produces=[application/vnd.spring-boot.actuator.v2+json || application/json]}" onto public java.lang.Object org.springframework.boot.actuate.endpoint.web.servlet.AbstractWebMvcEndpointHandlerMapping$OperationHandler.handle(javax.servlet.http.HttpServletRequest,java.util.Map<java.lang.String, java.lang.String>)
2019-11-28 10:10:22,133 [main] INFO  [o.s.b.a.e.web.servlet.WebMvcEndpointHandlerMapping] AbstractHandlerMethodMapping.java:550 - Mapped "{[/actuator/loggers/{name}],methods=[GET],produces=[application/vnd.spring-boot.actuator.v2+json || application/json]}" onto public java.lang.Object org.springframework.boot.actuate.endpoint.web.servlet.AbstractWebMvcEndpointHandlerMapping$OperationHandler.handle(javax.servlet.http.HttpServletRequest,java.util.Map<java.lang.String, java.lang.String>)
2019-11-28 10:10:22,135 [main] INFO  [o.s.b.a.e.web.servlet.WebMvcEndpointHandlerMapping] AbstractHandlerMethodMapping.java:550 - Mapped "{[/actuator/loggers],methods=[GET],produces=[application/vnd.spring-boot.actuator.v2+json || application/json]}" onto public java.lang.Object org.springframework.boot.actuate.endpoint.web.servlet.AbstractWebMvcEndpointHandlerMapping$OperationHandler.handle(javax.servlet.http.HttpServletRequest,java.util.Map<java.lang.String, java.lang.String>)
2019-11-28 10:10:22,137 [main] INFO  [o.s.b.a.e.web.servlet.WebMvcEndpointHandlerMapping] AbstractHandlerMethodMapping.java:550 - Mapped "{[/actuator/loggers/{name}],methods=[POST],consumes=[application/vnd.spring-boot.actuator.v2+json || application/json]}" onto public java.lang.Object org.springframework.boot.actuate.endpoint.web.servlet.AbstractWebMvcEndpointHandlerMapping$OperationHandler.handle(javax.servlet.http.HttpServletRequest,java.util.Map<java.lang.String, java.lang.String>)
2019-11-28 10:10:22,140 [main] INFO  [o.s.b.a.e.web.servlet.WebMvcEndpointHandlerMapping] AbstractHandlerMethodMapping.java:550 - Mapped "{[/actuator/heapdump],methods=[GET],produces=[application/octet-stream]}" onto public java.lang.Object org.springframework.boot.actuate.endpoint.web.servlet.AbstractWebMvcEndpointHandlerMapping$OperationHandler.handle(javax.servlet.http.HttpServletRequest,java.util.Map<java.lang.String, java.lang.String>)
2019-11-28 10:10:22,142 [main] INFO  [o.s.b.a.e.web.servlet.WebMvcEndpointHandlerMapping] AbstractHandlerMethodMapping.java:550 - Mapped "{[/actuator/threaddump],methods=[GET],produces=[application/vnd.spring-boot.actuator.v2+json || application/json]}" onto public java.lang.Object org.springframework.boot.actuate.endpoint.web.servlet.AbstractWebMvcEndpointHandlerMapping$OperationHandler.handle(javax.servlet.http.HttpServletRequest,java.util.Map<java.lang.String, java.lang.String>)
2019-11-28 10:10:22,146 [main] INFO  [o.s.b.a.e.web.servlet.WebMvcEndpointHandlerMapping] AbstractHandlerMethodMapping.java:550 - Mapped "{[/actuator/metrics/{requiredMetricName}],methods=[GET],produces=[application/vnd.spring-boot.actuator.v2+json || application/json]}" onto public java.lang.Object org.springframework.boot.actuate.endpoint.web.servlet.AbstractWebMvcEndpointHandlerMapping$OperationHandler.handle(javax.servlet.http.HttpServletRequest,java.util.Map<java.lang.String, java.lang.String>)
2019-11-28 10:10:22,151 [main] INFO  [o.s.b.a.e.web.servlet.WebMvcEndpointHandlerMapping] AbstractHandlerMethodMapping.java:550 - Mapped "{[/actuator/metrics],methods=[GET],produces=[application/vnd.spring-boot.actuator.v2+json || application/json]}" onto public java.lang.Object org.springframework.boot.actuate.endpoint.web.servlet.AbstractWebMvcEndpointHandlerMapping$OperationHandler.handle(javax.servlet.http.HttpServletRequest,java.util.Map<java.lang.String, java.lang.String>)
2019-11-28 10:10:22,154 [main] INFO  [o.s.b.a.e.web.servlet.WebMvcEndpointHandlerMapping] AbstractHandlerMethodMapping.java:550 - Mapped "{[/actuator/scheduledtasks],methods=[GET],produces=[application/vnd.spring-boot.actuator.v2+json || application/json]}" onto public java.lang.Object org.springframework.boot.actuate.endpoint.web.servlet.AbstractWebMvcEndpointHandlerMapping$OperationHandler.handle(javax.servlet.http.HttpServletRequest,java.util.Map<java.lang.String, java.lang.String>)
2019-11-28 10:10:22,156 [main] INFO  [o.s.b.a.e.web.servlet.WebMvcEndpointHandlerMapping] AbstractHandlerMethodMapping.java:550 - Mapped "{[/actuator/httptrace],methods=[GET],produces=[application/vnd.spring-boot.actuator.v2+json || application/json]}" onto public java.lang.Object org.springframework.boot.actuate.endpoint.web.servlet.AbstractWebMvcEndpointHandlerMapping$OperationHandler.handle(javax.servlet.http.HttpServletRequest,java.util.Map<java.lang.String, java.lang.String>)
2019-11-28 10:10:22,159 [main] INFO  [o.s.b.a.e.web.servlet.WebMvcEndpointHandlerMapping] AbstractHandlerMethodMapping.java:550 - Mapped "{[/actuator/mappings],methods=[GET],produces=[application/vnd.spring-boot.actuator.v2+json || application/json]}" onto public java.lang.Object org.springframework.boot.actuate.endpoint.web.servlet.AbstractWebMvcEndpointHandlerMapping$OperationHandler.handle(javax.servlet.http.HttpServletRequest,java.util.Map<java.lang.String, java.lang.String>)
2019-11-28 10:10:22,162 [main] INFO  [o.s.b.a.e.web.servlet.WebMvcEndpointHandlerMapping] AbstractHandlerMethodMapping.java:550 - Mapped "{[/actuator/refresh],methods=[POST],produces=[application/vnd.spring-boot.actuator.v2+json || application/json]}" onto public java.lang.Object org.springframework.boot.actuate.endpoint.web.servlet.AbstractWebMvcEndpointHandlerMapping$OperationHandler.handle(javax.servlet.http.HttpServletRequest,java.util.Map<java.lang.String, java.lang.String>)
2019-11-28 10:10:22,165 [main] INFO  [o.s.b.a.e.web.servlet.WebMvcEndpointHandlerMapping] AbstractHandlerMethodMapping.java:550 - Mapped "{[/actuator/features],methods=[GET],produces=[application/vnd.spring-boot.actuator.v2+json || application/json]}" onto public java.lang.Object org.springframework.boot.actuate.endpoint.web.servlet.AbstractWebMvcEndpointHandlerMapping$OperationHandler.handle(javax.servlet.http.HttpServletRequest,java.util.Map<java.lang.String, java.lang.String>)
2019-11-28 10:10:22,167 [main] INFO  [o.s.b.a.e.web.servlet.WebMvcEndpointHandlerMapping] AbstractHandlerMethodMapping.java:550 - Mapped "{[/actuator/service-registry],methods=[GET],produces=[application/vnd.spring-boot.actuator.v2+json || application/json]}" onto public java.lang.Object org.springframework.boot.actuate.endpoint.web.servlet.AbstractWebMvcEndpointHandlerMapping$OperationHandler.handle(javax.servlet.http.HttpServletRequest,java.util.Map<java.lang.String, java.lang.String>)
2019-11-28 10:10:22,170 [main] INFO  [o.s.b.a.e.web.servlet.WebMvcEndpointHandlerMapping] AbstractHandlerMethodMapping.java:550 - Mapped "{[/actuator/service-registry],methods=[POST],consumes=[application/vnd.spring-boot.actuator.v2+json || application/json],produces=[application/vnd.spring-boot.actuator.v2+json || application/json]}" onto public java.lang.Object org.springframework.boot.actuate.endpoint.web.servlet.AbstractWebMvcEndpointHandlerMapping$OperationHandler.handle(javax.servlet.http.HttpServletRequest,java.util.Map<java.lang.String, java.lang.String>)
2019-11-28 10:10:22,174 [main] INFO  [o.s.b.a.e.web.servlet.WebMvcEndpointHandlerMapping] AbstractHandlerMethodMapping.java:550 - Mapped "{[/actuator],methods=[GET],produces=[application/vnd.spring-boot.actuator.v2+json || application/json]}" onto protected java.util.Map<java.lang.String, java.util.Map<java.lang.String, org.springframework.boot.actuate.endpoint.web.Link>> org.springframework.boot.actuate.endpoint.web.servlet.WebMvcEndpointHandlerMapping.links(javax.servlet.http.HttpServletRequest,javax.servlet.http.HttpServletResponse)
2019-11-28 10:10:23,095 [main] INFO  [o.s.cloud.netflix.eureka.InstanceInfoFactory] InstanceInfoFactory.java:71 - Setting initial instance status as: STARTING
2019-11-28 10:10:23,142 [main] INFO  [com.netflix.discovery.DiscoveryClient] DiscoveryClient.java:349 - Initializing Eureka in region us-east-1
2019-11-28 10:10:23,144 [main] INFO  [com.netflix.discovery.DiscoveryClient] DiscoveryClient.java:352 - Client configured to neither register nor query for data.
2019-11-28 10:10:23,163 [main] INFO  [com.netflix.discovery.DiscoveryClient] DiscoveryClient.java:365 - Discovery Client initialized at timestamp 1574907023161 with initial instances count: 0
2019-11-28 10:10:23,256 [main] INFO  [com.netflix.eureka.DefaultEurekaServerContext] DefaultEurekaServerContext.java:63 - Initializing ...
2019-11-28 10:10:23,259 [main] INFO  [com.netflix.eureka.cluster.PeerEurekaNodes] PeerEurekaNodes.java:188 - Adding new peer nodes [http://konsung:konsung@spfd-eureka:8761/eureka/]
2019-11-28 10:10:23,449 [main] INFO  [c.n.discovery.provider.DiscoveryJerseyProvider] DiscoveryJerseyProvider.java:70 - Using JSON encoding codec LegacyJacksonJson
2019-11-28 10:10:23,450 [main] INFO  [c.n.discovery.provider.DiscoveryJerseyProvider] DiscoveryJerseyProvider.java:71 - Using JSON decoding codec LegacyJacksonJson
2019-11-28 10:10:23,451 [main] INFO  [c.n.discovery.provider.DiscoveryJerseyProvider] DiscoveryJerseyProvider.java:80 - Using XML encoding codec XStreamXml
2019-11-28 10:10:23,452 [main] INFO  [c.n.discovery.provider.DiscoveryJerseyProvider] DiscoveryJerseyProvider.java:81 - Using XML decoding codec XStreamXml
2019-11-28 10:10:23,781 [main] INFO  [com.netflix.eureka.cluster.PeerEurekaNodes] PeerEurekaNodes.java:110 - Replica node URL:  http://konsung:konsung@spfd-eureka:8761/eureka/
2019-11-28 10:10:23,792 [main] INFO  [c.netflix.eureka.registry.AbstractInstanceRegistry] AbstractInstanceRegistry.java:151 - Finished initializing remote region registries. All known remote regions: []
2019-11-28 10:10:23,795 [main] INFO  [com.netflix.eureka.DefaultEurekaServerContext] DefaultEurekaServerContext.java:70 - Initialized
2019-11-28 10:10:23,999 [main] INFO  [o.s.jmx.export.annotation.AnnotationMBeanExporter] MBeanExporter.java:433 - Registering beans for JMX exposure on startup
2019-11-28 10:10:24,010 [main] INFO  [o.s.jmx.export.annotation.AnnotationMBeanExporter] MBeanExporter.java:895 - Bean with name 'environmentManager' has been autodetected for JMX exposure
2019-11-28 10:10:24,012 [main] INFO  [o.s.jmx.export.annotation.AnnotationMBeanExporter] MBeanExporter.java:895 - Bean with name 'refreshScope' has been autodetected for JMX exposure
2019-11-28 10:10:24,015 [main] INFO  [o.s.jmx.export.annotation.AnnotationMBeanExporter] MBeanExporter.java:895 - Bean with name 'configurationPropertiesRebinder' has been autodetected for JMX exposure
2019-11-28 10:10:24,021 [main] INFO  [o.s.jmx.export.annotation.AnnotationMBeanExporter] MBeanExporter.java:675 - Located managed bean 'environmentManager': registering with JMX server as MBean [org.springframework.cloud.context.environment:name=environmentManager,type=EnvironmentManager]
2019-11-28 10:10:24,037 [main] INFO  [o.s.jmx.export.annotation.AnnotationMBeanExporter] MBeanExporter.java:675 - Located managed bean 'refreshScope': registering with JMX server as MBean [org.springframework.cloud.context.scope.refresh:name=refreshScope,type=RefreshScope]
2019-11-28 10:10:24,061 [main] INFO  [o.s.jmx.export.annotation.AnnotationMBeanExporter] MBeanExporter.java:675 - Located managed bean 'configurationPropertiesRebinder': registering with JMX server as MBean [org.springframework.cloud.context.properties:name=configurationPropertiesRebinder,context=10bbd20a,type=ConfigurationPropertiesRebinder]
2019-11-28 10:10:24,085 [main] INFO  [o.s.context.support.DefaultLifecycleProcessor] DefaultLifecycleProcessor.java:356 - Starting beans in phase 0
2019-11-28 10:10:24,095 [main] INFO  [o.s.c.n.e.serviceregistry.EurekaServiceRegistry] EurekaServiceRegistry.java:42 - Registering application EUREKA with eureka with status UP
2019-11-28 10:10:24,102 [Thread-13] INFO  [o.s.c.netflix.eureka.server.EurekaServerBootstrap] EurekaServerBootstrap.java:109 - Setting the eureka configuration..
2019-11-28 10:10:24,105 [Thread-13] INFO  [o.s.c.netflix.eureka.server.EurekaServerBootstrap] EurekaServerBootstrap.java:114 - Eureka data center value eureka.datacenter is not set, defaulting to default
2019-11-28 10:10:24,110 [Thread-13] INFO  [o.s.c.netflix.eureka.server.EurekaServerBootstrap] EurekaServerBootstrap.java:128 - Eureka environment value eureka.environment is not set, defaulting to test
2019-11-28 10:10:24,131 [Thread-13] INFO  [o.s.c.netflix.eureka.server.EurekaServerBootstrap] EurekaServerBootstrap.java:184 - isAws returned false
2019-11-28 10:10:24,134 [Thread-13] INFO  [o.s.c.netflix.eureka.server.EurekaServerBootstrap] EurekaServerBootstrap.java:152 - Initialized server context
2019-11-28 10:10:24,135 [Thread-13] INFO  [c.n.eureka.registry.PeerAwareInstanceRegistryImpl] PeerAwareInstanceRegistryImpl.java:242 - Got 1 instances from neighboring DS node
2019-11-28 10:10:24,137 [Thread-13] INFO  [c.n.eureka.registry.PeerAwareInstanceRegistryImpl] PeerAwareInstanceRegistryImpl.java:243 - Renew threshold is: 1
2019-11-28 10:10:24,138 [Thread-13] INFO  [c.n.eureka.registry.PeerAwareInstanceRegistryImpl] PeerAwareInstanceRegistryImpl.java:254 - Changing status to UP
2019-11-28 10:10:24,155 [Thread-13] INFO  [o.s.c.n.e.s.EurekaServerInitializerConfiguration] EurekaServerInitializerConfiguration.java:72 - Started Eureka Server
2019-11-28 10:10:24,209 [main] INFO  [c.s.j.server.impl.application.WebApplicationImpl] WebApplicationImpl.java:815 - Initiating Jersey application, version 'Jersey: 1.19.1 03/11/2016 02:08 PM'
2019-11-28 10:10:24,257 [main] INFO  [c.n.discovery.provider.DiscoveryJerseyProvider] DiscoveryJerseyProvider.java:70 - Using JSON encoding codec LegacyJacksonJson
2019-11-28 10:10:24,259 [main] INFO  [c.n.discovery.provider.DiscoveryJerseyProvider] DiscoveryJerseyProvider.java:71 - Using JSON decoding codec LegacyJacksonJson
2019-11-28 10:10:24,259 [main] INFO  [c.n.discovery.provider.DiscoveryJerseyProvider] DiscoveryJerseyProvider.java:80 - Using XML encoding codec XStreamXml
2019-11-28 10:10:24,260 [main] INFO  [c.n.discovery.provider.DiscoveryJerseyProvider] DiscoveryJerseyProvider.java:81 - Using XML decoding codec XStreamXml
2019-11-28 10:10:24,919 [main] INFO  [o.s.b.w.embedded.undertow.UndertowServletWebServer] UndertowServletWebServer.java:148 - Undertow started on port(s) 8761 (http) with context path ''
2019-11-28 10:10:24,922 [main] INFO  [o.s.c.n.e.s.EurekaAutoServiceRegistration] EurekaAutoServiceRegistration.java:124 - Updating port to 8761
2019-11-28 10:10:24,926 [main] INFO  [com.ks.spfd.eureka.SpfdEurekaApplication] StartupInfoLogger.java:59 - Started SpfdEurekaApplication in 16.538 seconds (JVM running for 17.288)
2019-11-28 10:10:28,145 [Eureka-EvictionTimer] INFO  [c.netflix.eureka.registry.AbstractInstanceRegistry] AbstractInstanceRegistry.java:1247 - Running the evict task with compensationTime 0ms
2019-11-28 10:10:32,146 [Eureka-EvictionTimer] INFO  [c.netflix.eureka.registry.AbstractInstanceRegistry] AbstractInstanceRegistry.java:1247 - Running the evict task with compensationTime 0ms
2019-11-28 10:10:36,146 [Eureka-EvictionTimer] INFO  [c.netflix.eureka.registry.AbstractInstanceRegistry] AbstractInstanceRegistry.java:1247 - Running the evict task with compensationTime 0ms
2019-11-28 10:10:40,146 [Eureka-EvictionTimer] INFO  [c.netflix.eureka.registry.AbstractInstanceRegistry] AbstractInstanceRegistry.java:1247 - Running the evict task with compensationTime 0ms
2019-11-28 10:10:44,146 [Eureka-EvictionTimer] INFO  [c.netflix.eureka.registry.AbstractInstanceRegistry] AbstractInstanceRegistry.java:1247 - Running the evict task with compensationTime 0ms
2019-11-28 10:10:48,147 [Eureka-EvictionTimer] INFO  [c.netflix.eureka.registry.AbstractInstanceRegistry] AbstractInstanceRegistry.java:1247 - Running the evict task with compensationTime 0ms
2019-11-28 10:10:52,147 [Eureka-EvictionTimer] INFO  [c.netflix.eureka.registry.AbstractInstanceRegistry] AbstractInstanceRegistry.java:1247 - Running the evict task with compensationTime 0ms
2019-11-28 10:10:56,147 [Eureka-EvictionTimer] INFO  [c.netflix.eureka.registry.AbstractInstanceRegistry] AbstractInstanceRegistry.java:1247 - Running the evict task with compensationTime 0ms
2019-11-28 10:11:00,147 [Eureka-EvictionTimer] INFO  [c.netflix.eureka.registry.AbstractInstanceRegistry] AbstractInstanceRegistry.java:1247 - Running the evict task with compensationTime 0ms
2019-11-28 10:11:04,147 [Eureka-EvictionTimer] INFO  [c.netflix.eureka.registry.AbstractInstanceRegistry] AbstractInstanceRegistry.java:1247 - Running the evict task with compensationTime 0ms
2019-11-28 10:11:06,823 [XNIO-2 task-1] INFO  [io.undertow.servlet] ServletContextImpl.java:360 - Initializing Spring FrameworkServlet 'dispatcherServlet'
2019-11-28 10:11:06,825 [XNIO-2 task-1] INFO  [org.springframework.web.servlet.DispatcherServlet] FrameworkServlet.java:497 - FrameworkServlet 'dispatcherServlet': initialization started
2019-11-28 10:11:06,877 [XNIO-2 task-1] INFO  [org.springframework.web.servlet.DispatcherServlet] FrameworkServlet.java:512 - FrameworkServlet 'dispatcherServlet': initialization completed in 51 ms
2019-11-28 10:11:08,148 [Eureka-EvictionTimer] INFO  [c.netflix.eureka.registry.AbstractInstanceRegistry] AbstractInstanceRegistry.java:1247 - Running the evict task with compensationTime 0ms
2019-11-28 10:11:12,148 [Eureka-EvictionTimer] INFO  [c.netflix.eureka.registry.AbstractInstanceRegistry] AbstractInstanceRegistry.java:1247 - Running the evict task with compensationTime 0ms
2019-11-28 10:11:16,148 [Eureka-EvictionTimer] INFO  [c.netflix.eureka.registry.AbstractInstanceRegistry] AbstractInstanceRegistry.java:1247 - Running the evict task with compensationTime 0ms
2019-11-28 10:11:20,148 [Eureka-EvictionTimer] INFO  [c.netflix.eureka.registry.AbstractInstanceRegistry] AbstractInstanceRegistry.java:1247 - Running the evict task with compensationTime 0ms
2019-11-28 10:11:24,149 [Eureka-EvictionTimer] INFO  [c.netflix.eureka.registry.AbstractInstanceRegistry] AbstractInstanceRegistry.java:1247 - Running the evict task with compensationTime 0ms
2019-11-28 10:11:28,149 [Eureka-EvictionTimer] INFO  [c.netflix.eureka.registry.AbstractInstanceRegistry] AbstractInstanceRegistry.java:1247 - Running the evict task with compensationTime 0ms
2019-11-28 10:11:32,149 [Eureka-EvictionTimer] INFO  [c.netflix.eureka.registry.AbstractInstanceRegistry] AbstractInstanceRegistry.java:1247 - Running the evict task with compensationTime 0ms
2019-11-28 10:11:34,027 [Thread-14] INFO  [o.s.b.w.s.c.AnnotationConfigServletWebServerApplicationContext] AbstractApplicationContext.java:991 - Closing org.springframework.boot.web.servlet.context.AnnotationConfigServletWebServerApplicationContext@10bbd20a: startup date [Thu Nov 28 10:10:11 GMT+08:00 2019]; parent: org.springframework.context.annotation.AnnotationConfigApplicationContext@511baa65
2019-11-28 10:11:34,030 [Thread-14] INFO  [o.s.c.n.e.serviceregistry.EurekaServiceRegistry] EurekaServiceRegistry.java:65 - Unregistering application EUREKA with eureka with status DOWN
2019-11-28 10:11:34,034 [Thread-14] INFO  [o.s.context.support.DefaultLifecycleProcessor] DefaultLifecycleProcessor.java:369 - Stopping beans in phase 0
2019-11-28 10:11:34,036 [Thread-14] INFO  [com.netflix.eureka.DefaultEurekaServerContext] DefaultEurekaServerContext.java:76 - Shutting down ...
2019-11-28 10:11:34,040 [Thread-14] INFO  [com.netflix.eureka.DefaultEurekaServerContext] DefaultEurekaServerContext.java:79 - Shut down
2019-11-28 10:11:34,043 [Thread-14] INFO  [o.s.jmx.export.annotation.AnnotationMBeanExporter] MBeanExporter.java:451 - Unregistering JMX-exposed beans on shutdown
2019-11-28 10:11:34,045 [Thread-14] INFO  [o.s.jmx.export.annotation.AnnotationMBeanExporter] MBeanRegistrationSupport.java:185 - Unregistering JMX-exposed beans
2019-11-28 10:11:34,288 [AsyncReporter{org.springframework.cloud.sleuth.zipkin2.sender.RestTemplateSender@340da44c}] INFO  [o.s.c.a.AnnotationConfigApplicationContext] AbstractApplicationContext.java:588 - Refreshing SpringClientFactory-localhost: startup date [Thu Nov 28 10:11:34 GMT+08:00 2019]; parent: org.springframework.boot.web.servlet.context.AnnotationConfigServletWebServerApplicationContext@10bbd20a
2019-11-28 10:11:34,354 [AsyncReporter{org.springframework.cloud.sleuth.zipkin2.sender.RestTemplateSender@340da44c}] INFO  [o.s.b.f.a.AutowiredAnnotationBeanPostProcessor] AutowiredAnnotationBeanPostProcessor.java:153 - JSR-330 'javax.inject.Inject' annotation found and supported for autowiring
2019-11-28 10:11:34,402 [AsyncReporter{org.springframework.cloud.sleuth.zipkin2.sender.RestTemplateSender@340da44c}] WARN  [o.s.c.a.AnnotationConfigApplicationContext] AbstractApplicationContext.java:556 - Exception encountered during context initialization - cancelling refresh attempt: org.springframework.beans.factory.UnsatisfiedDependencyException: Error creating bean with name 'eurekaRibbonClientConfiguration': Unsatisfied dependency expressed through field 'eurekaConfig'; nested exception is org.springframework.beans.factory.BeanCreationNotAllowedException: Error creating bean with name 'eurekaInstanceConfigBean': Singleton bean creation not allowed while singletons of this factory are in destruction (Do not request a bean from a BeanFactory in a destroy method implementation!)
2019-11-28 10:11:34,407 [Thread-14] INFO  [com.netflix.discovery.DiscoveryClient] DiscoveryClient.java:888 - Shutting down DiscoveryClient ...
2019-11-28 10:11:34,408 [Thread-14] INFO  [com.netflix.discovery.DiscoveryClient] DiscoveryClient.java:911 - Completed shut down of DiscoveryClient
2019-11-28 10:11:34,410 [Thread-14] INFO  [io.undertow.servlet] ServletContextImpl.java:360 - Destroying Spring FrameworkServlet 'dispatcherServlet'
